<?xml version="1.0" encoding="UTF-8"?>
<!-- Generated by org.testng.reporters.JUnitReportReporter -->
<testsuite skipped="0" hostname="Mustafa" name="org.testng.B" tests="1" failures="0" timestamp="26 Sep 2022 10:57:01 GMT" time="0.001" errors="0">
  <testcase name="test1" time="0.001" classname="org.testng.B"/>
</testsuite> <!-- org.testng.B -->
