<?xml version="1.0" encoding="UTF-8"?>
<!-- Generated by org.testng.reporters.JUnitReportReporter -->
<testsuite skipped="0" hostname="Mustafa" name="org.testng.A" tests="1" failures="0" timestamp="26 Sep 2022 10:57:01 GMT" time="5.747" errors="0">
  <testcase name="test3" time="5.747" classname="org.testng.A"/>
</testsuite> <!-- org.testng.A -->
